2025-04-01T22:21:21.979Z: Failed to send: 
      <b>New Address Submission</b>
      <b>Name:</b> Moiz khan
      <b>Address:</b> RAWALAKOT, Rawalakot
       <b>Zip:</b> 123, US
       <b>Time:</b> 02/04/2025, 3:20:41 am
    
2025-04-01T22:32:24.141Z: Failed to send: 
      <b>New Address Submission</b>
      <b>Name:</b> Moiz khan
      <b>Address:</b> RAWALAKOT, Rawalakot
       <b>Zip:</b> 123, US
       <b>Time:</b> 02/04/2025, 3:31:43 am
    
2025-04-02T09:03:58.189Z: Failed to send: 
      <b>New Address Submission</b>
      <b>Name:</b> Moiz khan
      <b>Address:</b> RAWALAKOT, Rawalakot
       <b>Zip:</b> 123, US
       <b>Time:</b> 02/04/2025, 2:03:17 pm
    
2025-04-02T13:34:11.577Z: Failed to send: 
      <b>New Address Submission</b>
      <b>Name:</b> Moiz khan
      <b>Address:</b> RAWALAKOT, Rawalakot
       <b>Zip:</b> 123, US
       <b>Time:</b> 02/04/2025, 6:33:31 pm
    
2025-04-02T21:20:25.743Z: Failed to send: 
      <b>New Address Submission</b>
      <b>Name:</b> Moiz khan
      <b>Address:</b> RAWALAKOT, Rawalakot
       <b>Zip:</b> 12345, US
       <b>Time:</b> 03/04/2025, 2:19:45 am
    
2025-04-02T21:20:44.913Z: Failed to send: 
      <b>New Address Submission</b>
      <b>Name:</b> Moiz khan
      <b>Address:</b> RAWALAKOT, Rawalakot
       <b>Zip:</b> 12345, US
       <b>Time:</b> 03/04/2025, 2:20:04 am
    
2025-04-02T23:55:37.823Z: Failed to send: 
      <b>New Address Submission</b>
      <b>Name:</b> Moiz khan
      <b>Address:</b> RAWALAKOT, Rawalakot
       <b>Zip:</b> 12345, US
       <b>Time:</b> 03/04/2025, 4:54:57 am
    
2025-04-02T23:57:42.867Z: Failed to send: 
      <b>New Address Submission</b>
      <b>Name:</b> Moiz khan
      <b>Address:</b> RAWALAKOT, Rawalakot
       <b>Zip:</b> 12345, US
       <b>Time:</b> 03/04/2025, 4:57:02 am
    
2025-04-03T00:00:32.258Z: Failed to send: 
      <b>New Address Submission</b>
      <b>Name:</b> Moiz khan
      <b>Address:</b> RAWALAKOT, Rawalakot
       <b>Zip:</b> 12345, US
       <b>Time:</b> 03/04/2025, 4:59:52 am
    
2025-04-03T00:06:38.943Z: Failed to send: 
      <b>New Address Submission</b>
      <b>Name:</b> Moiz khan
      <b>Address:</b> RAWALAKOT, Rawalakot
       <b>Zip:</b> 12345, US
       <b>Time:</b> 03/04/2025, 5:05:58 am
    
2025-04-03T00:27:55.907Z: Failed to send: 
      <b>New Address Submission</b>
      <b>Name:</b> Moiz khan
      <b>Address:</b> RAWALAKOT, Rawalakot
       <b>Zip:</b> 12345, US
       <b>Time:</b> 03/04/2025, 5:27:15 am
    
2025-04-03T00:28:39.930Z: Failed to send: 
      <b>New Address Submission</b>
      <b>Name:</b> Moiz khan
      <b>Address:</b> RAWALAKOT, Rawalakot
       <b>Zip:</b> 12345, US
       <b>Time:</b> 03/04/2025, 5:27:59 am
    
2025-04-03T00:29:40.066Z: Failed to send: 
      <b>New Payment Details</b>
      <b>Card:</b> **** **** **** 9992
      <b>Exp:</b> 05/25
      <b>Time:</b> 03/04/2025, 5:28:59 am
    
2025-04-03T00:50:24.485Z: Failed to send: 
      <b>New Address Submission</b>
      <b>Name:</b> Moiz khan
      <b>Address:</b> RAWALAKOT, Rawalakot
       <b>Zip:</b> 12345, US
       <b>Time:</b> 03/04/2025, 5:49:44 am
    
2025-04-03T00:50:46.265Z: Failed to send: 
      <b>New Payment Details</b>
      <b>Card:</b> **** **** **** 9999
      <b>Exp:</b> 05/25
      <b>Time:</b> 03/04/2025, 5:50:06 am
    
2025-04-03T00:50:58.323Z: Failed to send: 
      <b>🔑 OTP Attempt</b>
      ⌨️ <b>Code:</b> 123456
      ⏰ <b>Time:</b> 03/04/2025, 5:50:18 am
      ❌ <i>Automatically rejected</i>
    
2025-04-03T00:59:35.228Z: Failed to send: 
      <b>New Address Submission</b>
      <b>Name:</b> Moiz khan
      <b>Address:</b> RAWALAKOT, Rawalakot
       <b>Zip:</b> 12345, US
       <b>Time:</b> 03/04/2025, 5:58:55 am
    
2025-04-03T00:59:56.346Z: Failed to send: 
      <b>New Payment Details</b>
      <b>Card:</b> **** **** **** 9999
      <b>Exp:</b> 05/25
      <b>Time:</b> 03/04/2025, 5:59:16 am
    
2025-04-03T01:00:07.272Z: Failed to send: 
      <b>🔑 OTP Attempt</b>
      ⌨️ <b>Code:</b> 123456
      ⏰ <b>Time:</b> 03/04/2025, 5:59:27 am
      ❌ <i>Automatically rejected</i>
    
2025-04-03T01:30:40.264Z: Failed to send: 
      <b>New Address Submission</b>
      <b>Name:</b> Moiz khan
      <b>Address:</b> RAWALAKOT, Rawalakot
       <b>Zip:</b> 12345, US
       <b>Time:</b> 03/04/2025, 6:29:59 am
    
2025-04-03T01:31:04.575Z: Failed to send: 
      <b>New Payment Details</b>
      <b>Card:</b> **** **** **** 9999
      <b>Exp:</b> 05/25
      <b>Time:</b> 03/04/2025, 6:30:24 am
    
2025-04-03T01:31:21.338Z: Failed to send: 
      <b>🔑 OTP Attempt</b>
      ⌨️ <b>Code:</b> 123412
      ⏰ <b>Time:</b> 03/04/2025, 6:30:41 am
      ❌ <i>Automatically rejected</i>
    
2025-04-05T23:18:06.007Z: Failed to send: 
      <b>New Address Submission</b>
      <b>Name:</b> Moiz khan
      <b>Address:</b> RAWALAKOT, Rawalakot
       <b>Zip:</b> 12345, US
       <b>Time:</b> 06/04/2025, 4:17:25 am
    
2025-04-06T00:17:01.196Z: Failed to send: 
      <b>New Address Submission</b>
      <b>Name:</b> Moiz khan
      <b>Address:</b> RAWALAKOT, Rawalakot
       <b>Zip:</b> 12345, US
       <b>Time:</b> 06/04/2025, 5:16:20 am
    
2025-04-06T00:49:28.344Z: Failed to send: 
      <b>New Address Submission</b>
      <b>Name:</b> Moiz khan
      <b>Address:</b> RAWALAKOT, Rawalakot
       <b>Zip:</b> 12345, US
       <b>Time:</b> 06/04/2025, 5:48:47 am
    
